<?xml version="1.0" encoding="UTF-8"?>
<testsuite xmlns:xsi="http://www.w3.org/2001/XMLSchema-instance" xsi:noNamespaceSchemaLocation="https://maven.apache.org/surefire/maven-surefire-plugin/xsd/surefire-test-report-3.0.xsd" version="3.0" name="TestSuite" time="26.423" tests="1" errors="0" skipped="0" failures="0">
  <properties>
    <property name="java.specification.version" value="21"/>
    <property name="sun.cpu.isalist" value="amd64"/>
    <property name="sun.jnu.encoding" value="Cp1252"/>
    <property name="java.class.path" value="D:\Master_Copy\NaukariProfileUpdate\target\test-classes;D:\Master_Copy\NaukariProfileUpdate\target\classes;C:\Users\chand\.m2\repository\io\cucumber\cucumber-java\7.20.1\cucumber-java-7.20.1.jar;C:\Users\chand\.m2\repository\io\cucumber\cucumber-core\7.20.1\cucumber-core-7.20.1.jar;C:\Users\chand\.m2\repository\io\cucumber\cucumber-gherkin\7.20.1\cucumber-gherkin-7.20.1.jar;C:\Users\chand\.m2\repository\io\cucumber\cucumber-gherkin-messages\7.20.1\cucumber-gherkin-messages-7.20.1.jar;C:\Users\chand\.m2\repository\io\cucumber\gherkin\28.0.0\gherkin-28.0.0.jar;C:\Users\chand\.m2\repository\io\cucumber\messages\24.1.0\messages-24.1.0.jar;C:\Users\chand\.m2\repository\io\cucumber\testng-xml-formatter\0.2.0\testng-xml-formatter-0.2.0.jar;C:\Users\chand\.m2\repository\io\cucumber\query\12.2.0\query-12.2.0.jar;C:\Users\chand\.m2\repository\io\cucumber\tag-expressions\6.1.0\tag-expressions-6.1.0.jar;C:\Users\chand\.m2\repository\io\cucumber\cucumber-expressions\17.1.0\cucumber-expressions-17.1.0.jar;C:\Users\chand\.m2\repository\io\cucumber\datatable\7.20.1\datatable-7.20.1.jar;C:\Users\chand\.m2\repository\io\cucumber\docstring\7.20.1\docstring-7.20.1.jar;C:\Users\chand\.m2\repository\io\cucumber\html-formatter\21.7.0\html-formatter-21.7.0.jar;C:\Users\chand\.m2\repository\io\cucumber\junit-xml-formatter\0.5.0\junit-xml-formatter-0.5.0.jar;C:\Users\chand\.m2\repository\io\cucumber\ci-environment\10.0.1\ci-environment-10.0.1.jar;C:\Users\chand\.m2\repository\org\apiguardian\apiguardian-api\1.1.2\apiguardian-api-1.1.2.jar;C:\Users\chand\.m2\repository\io\cucumber\cucumber-testng\7.20.1\cucumber-testng-7.20.1.jar;C:\Users\chand\.m2\repository\tech\grasshopper\extentreports-cucumber5-adapter\1.5.1\extentreports-cucumber5-adapter-1.5.1.jar;C:\Users\chand\.m2\repository\com\aventstack\extentreports\4.1.7\extentreports-4.1.7.jar;C:\Users\chand\.m2\repository\org\freemarker\freemarker\2.3.29\freemarker-2.3.29.jar;C:\Users\chand\.m2\repository\org\apache\httpcomponents\httpclient\4.5.2\httpclient-4.5.2.jar;C:\Users\chand\.m2\repository\org\apache\httpcomponents\httpcore\4.4.4\httpcore-4.4.4.jar;C:\Users\chand\.m2\repository\org\apache\httpcomponents\httpmime\4.5.2\httpmime-4.5.2.jar;C:\Users\chand\.m2\repository\org\mongodb\bson\3.12.0\bson-3.12.0.jar;C:\Users\chand\.m2\repository\org\mongodb\mongodb-driver\3.3.0\mongodb-driver-3.3.0.jar;C:\Users\chand\.m2\repository\org\mongodb\mongodb-driver-core\3.3.0\mongodb-driver-core-3.3.0.jar;C:\Users\chand\.m2\repository\com\aventstack\chaintest-cucumber-jvm\1.0.11\chaintest-cucumber-jvm-1.0.11.jar;C:\Users\chand\.m2\repository\io\cucumber\cucumber-plugin\7.11.1\cucumber-plugin-7.11.1.jar;C:\Users\chand\.m2\repository\io\cucumber\cucumber-junit\7.11.1\cucumber-junit-7.11.1.jar;C:\Users\chand\.m2\repository\junit\junit\4.13.2\junit-4.13.2.jar;C:\Users\chand\.m2\repository\org\hamcrest\hamcrest-core\1.3\hamcrest-core-1.3.jar;C:\Users\chand\.m2\repository\com\aventstack\chaintest-core\1.0.11\chaintest-core-1.0.11.jar;C:\Users\chand\.m2\repository\org\yaml\snakeyaml\2.3\snakeyaml-2.3.jar;C:\Users\chand\.m2\repository\com\azure\azure-storage-blob\12.28.0\azure-storage-blob-12.28.0.jar;C:\Users\chand\.m2\repository\com\azure\azure-core\1.52.0\azure-core-1.52.0.jar;C:\Users\chand\.m2\repository\io\projectreactor\reactor-core\3.4.38\reactor-core-3.4.38.jar;C:\Users\chand\.m2\repository\com\azure\azure-core-http-netty\1.15.4\azure-core-http-netty-1.15.4.jar;C:\Users\chand\.m2\repository\io\netty\netty-handler\4.1.110.Final\netty-handler-4.1.110.Final.jar;C:\Users\chand\.m2\repository\io\netty\netty-handler-proxy\4.1.110.Final\netty-handler-proxy-4.1.110.Final.jar;C:\Users\chand\.m2\repository\io\netty\netty-codec-socks\4.1.110.Final\netty-codec-socks-4.1.110.Final.jar;C:\Users\chand\.m2\repository\io\netty\netty-buffer\4.1.110.Final\netty-buffer-4.1.110.Final.jar;C:\Users\chand\.m2\repository\io\netty\netty-codec\4.1.110.Final\netty-codec-4.1.110.Final.jar;C:\Users\chand\.m2\repository\io\netty\netty-codec-http\4.1.110.Final\netty-codec-http-4.1.110.Final.jar;C:\Users\chand\.m2\repository\io\netty\netty-codec-http2\4.1.110.Final\netty-codec-http2-4.1.110.Final.jar;C:\Users\chand\.m2\repository\io\netty\netty-transport-native-unix-common\4.1.110.Final\netty-transport-native-unix-common-4.1.110.Final.jar;C:\Users\chand\.m2\repository\io\netty\netty-transport-native-epoll\4.1.110.Final\netty-transport-native-epoll-4.1.110.Final-linux-x86_64.jar;C:\Users\chand\.m2\repository\io\netty\netty-transport-native-kqueue\4.1.110.Final\netty-transport-native-kqueue-4.1.110.Final-osx-x86_64.jar;C:\Users\chand\.m2\repository\io\netty\netty-transport-classes-kqueue\4.1.110.Final\netty-transport-classes-kqueue-4.1.110.Final.jar;C:\Users\chand\.m2\repository\io\netty\netty-tcnative-boringssl-static\2.0.65.Final\netty-tcnative-boringssl-static-2.0.65.Final.jar;C:\Users\chand\.m2\repository\io\netty\netty-tcnative-classes\2.0.65.Final\netty-tcnative-classes-2.0.65.Final.jar;C:\Users\chand\.m2\repository\io\netty\netty-tcnative-boringssl-static\2.0.65.Final\netty-tcnative-boringssl-static-2.0.65.Final-linux-x86_64.jar;C:\Users\chand\.m2\repository\io\netty\netty-tcnative-boringssl-static\2.0.65.Final\netty-tcnative-boringssl-static-2.0.65.Final-linux-aarch_64.jar;C:\Users\chand\.m2\repository\io\netty\netty-tcnative-boringssl-static\2.0.65.Final\netty-tcnative-boringssl-static-2.0.65.Final-osx-x86_64.jar;C:\Users\chand\.m2\repository\io\netty\netty-tcnative-boringssl-static\2.0.65.Final\netty-tcnative-boringssl-static-2.0.65.Final-osx-aarch_64.jar;C:\Users\chand\.m2\repository\io\netty\netty-tcnative-boringssl-static\2.0.65.Final\netty-tcnative-boringssl-static-2.0.65.Final-windows-x86_64.jar;C:\Users\chand\.m2\repository\io\projectreactor\netty\reactor-netty-http\1.0.45\reactor-netty-http-1.0.45.jar;C:\Users\chand\.m2\repository\io\netty\netty-resolver-dns\4.1.109.Final\netty-resolver-dns-4.1.109.Final.jar;C:\Users\chand\.m2\repository\io\netty\netty-codec-dns\4.1.109.Final\netty-codec-dns-4.1.109.Final.jar;C:\Users\chand\.m2\repository\io\netty\netty-resolver-dns-native-macos\4.1.109.Final\netty-resolver-dns-native-macos-4.1.109.Final-osx-x86_64.jar;C:\Users\chand\.m2\repository\io\netty\netty-resolver-dns-classes-macos\4.1.109.Final\netty-resolver-dns-classes-macos-4.1.109.Final.jar;C:\Users\chand\.m2\repository\io\projectreactor\netty\reactor-netty-core\1.0.45\reactor-netty-core-1.0.45.jar;C:\Users\chand\.m2\repository\io\netty\netty-common\4.1.110.Final\netty-common-4.1.110.Final.jar;C:\Users\chand\.m2\repository\com\azure\azure-storage-internal-avro\12.13.0\azure-storage-internal-avro-12.13.0.jar;C:\Users\chand\.m2\repository\com\azure\azure-xml\1.1.0\azure-xml-1.1.0.jar;C:\Users\chand\.m2\repository\com\azure\azure-storage-common\12.28.0\azure-storage-common-12.28.0.jar;C:\Users\chand\.m2\repository\com\azure\azure-identity\1.13.3\azure-identity-1.13.3.jar;C:\Users\chand\.m2\repository\com\azure\azure-json\1.3.0\azure-json-1.3.0.jar;C:\Users\chand\.m2\repository\com\microsoft\azure\msal4j\1.17.1\msal4j-1.17.1.jar;C:\Users\chand\.m2\repository\com\nimbusds\oauth2-oidc-sdk\11.18\oauth2-oidc-sdk-11.18.jar;C:\Users\chand\.m2\repository\com\github\stephenc\jcip\jcip-annotations\1.0-1\jcip-annotations-1.0-1.jar;C:\Users\chand\.m2\repository\com\nimbusds\content-type\2.3\content-type-2.3.jar;C:\Users\chand\.m2\repository\com\nimbusds\lang-tag\1.7\lang-tag-1.7.jar;C:\Users\chand\.m2\repository\com\nimbusds\nimbus-jose-jwt\9.40\nimbus-jose-jwt-9.40.jar;C:\Users\chand\.m2\repository\net\minidev\json-smart\2.5.0\json-smart-2.5.0.jar;C:\Users\chand\.m2\repository\net\minidev\accessors-smart\2.5.0\accessors-smart-2.5.0.jar;C:\Users\chand\.m2\repository\org\ow2\asm\asm\9.3\asm-9.3.jar;C:\Users\chand\.m2\repository\com\microsoft\azure\msal4j-persistence-extension\1.3.0\msal4j-persistence-extension-1.3.0.jar;C:\Users\chand\.m2\repository\net\java\dev\jna\jna-platform\5.6.0\jna-platform-5.6.0.jar;C:\Users\chand\.m2\repository\software\amazon\awssdk\s3\2.29.39\s3-2.29.39.jar;C:\Users\chand\.m2\repository\software\amazon\awssdk\aws-xml-protocol\2.29.39\aws-xml-protocol-2.29.39.jar;C:\Users\chand\.m2\repository\software\amazon\awssdk\aws-query-protocol\2.29.39\aws-query-protocol-2.29.39.jar;C:\Users\chand\.m2\repository\software\amazon\awssdk\protocol-core\2.29.39\protocol-core-2.29.39.jar;C:\Users\chand\.m2\repository\software\amazon\awssdk\arns\2.29.39\arns-2.29.39.jar;C:\Users\chand\.m2\repository\software\amazon\awssdk\profiles\2.29.39\profiles-2.29.39.jar;C:\Users\chand\.m2\repository\software\amazon\awssdk\crt-core\2.29.39\crt-core-2.29.39.jar;C:\Users\chand\.m2\repository\software\amazon\awssdk\http-auth\2.29.39\http-auth-2.29.39.jar;C:\Users\chand\.m2\repository\software\amazon\awssdk\identity-spi\2.29.39\identity-spi-2.29.39.jar;C:\Users\chand\.m2\repository\software\amazon\awssdk\http-auth-spi\2.29.39\http-auth-spi-2.29.39.jar;C:\Users\chand\.m2\repository\org\reactivestreams\reactive-streams\1.0.4\reactive-streams-1.0.4.jar;C:\Users\chand\.m2\repository\software\amazon\awssdk\http-auth-aws\2.29.39\http-auth-aws-2.29.39.jar;C:\Users\chand\.m2\repository\software\amazon\awssdk\checksums\2.29.39\checksums-2.29.39.jar;C:\Users\chand\.m2\repository\software\amazon\awssdk\checksums-spi\2.29.39\checksums-spi-2.29.39.jar;C:\Users\chand\.m2\repository\software\amazon\awssdk\retries-spi\2.29.39\retries-spi-2.29.39.jar;C:\Users\chand\.m2\repository\software\amazon\awssdk\sdk-core\2.29.39\sdk-core-2.29.39.jar;C:\Users\chand\.m2\repository\software\amazon\awssdk\retries\2.29.39\retries-2.29.39.jar;C:\Users\chand\.m2\repository\software\amazon\awssdk\auth\2.29.39\auth-2.29.39.jar;C:\Users\chand\.m2\repository\software\amazon\awssdk\http-auth-aws-eventstream\2.29.39\http-auth-aws-eventstream-2.29.39.jar;C:\Users\chand\.m2\repository\software\amazon\eventstream\eventstream\1.0.1\eventstream-1.0.1.jar;C:\Users\chand\.m2\repository\software\amazon\awssdk\http-client-spi\2.29.39\http-client-spi-2.29.39.jar;C:\Users\chand\.m2\repository\software\amazon\awssdk\regions\2.29.39\regions-2.29.39.jar;C:\Users\chand\.m2\repository\software\amazon\awssdk\annotations\2.29.39\annotations-2.29.39.jar;C:\Users\chand\.m2\repository\software\amazon\awssdk\utils\2.29.39\utils-2.29.39.jar;C:\Users\chand\.m2\repository\software\amazon\awssdk\aws-core\2.29.39\aws-core-2.29.39.jar;C:\Users\chand\.m2\repository\software\amazon\awssdk\metrics-spi\2.29.39\metrics-spi-2.29.39.jar;C:\Users\chand\.m2\repository\software\amazon\awssdk\json-utils\2.29.39\json-utils-2.29.39.jar;C:\Users\chand\.m2\repository\software\amazon\awssdk\third-party-jackson-core\2.29.39\third-party-jackson-core-2.29.39.jar;C:\Users\chand\.m2\repository\software\amazon\awssdk\endpoints-spi\2.29.39\endpoints-spi-2.29.39.jar;C:\Users\chand\.m2\repository\software\amazon\awssdk\netty-nio-client\2.29.39\netty-nio-client-2.29.39.jar;C:\Users\chand\.m2\repository\io\netty\netty-transport\4.1.115.Final\netty-transport-4.1.115.Final.jar;C:\Users\chand\.m2\repository\io\netty\netty-transport-classes-epoll\4.1.115.Final\netty-transport-classes-epoll-4.1.115.Final.jar;C:\Users\chand\.m2\repository\io\netty\netty-resolver\4.1.115.Final\netty-resolver-4.1.115.Final.jar;C:\Users\chand\.m2\repository\software\amazon\awssdk\apache-client\2.29.39\apache-client-2.29.39.jar;C:\Users\chand\.m2\repository\org\slf4j\slf4j-api\2.0.16\slf4j-api-2.0.16.jar;C:\Users\chand\.m2\repository\ch\qos\logback\logback-classic\1.5.9\logback-classic-1.5.9.jar;C:\Users\chand\.m2\repository\ch\qos\logback\logback-core\1.5.9\logback-core-1.5.9.jar;C:\Users\chand\.m2\repository\org\seleniumhq\selenium\selenium-java\4.16.1\selenium-java-4.16.1.jar;C:\Users\chand\.m2\repository\org\seleniumhq\selenium\selenium-api\4.16.1\selenium-api-4.16.1.jar;C:\Users\chand\.m2\repository\org\seleniumhq\selenium\selenium-chrome-driver\4.16.1\selenium-chrome-driver-4.16.1.jar;C:\Users\chand\.m2\repository\com\google\auto\service\auto-service-annotations\1.1.1\auto-service-annotations-1.1.1.jar;C:\Users\chand\.m2\repository\org\seleniumhq\selenium\selenium-chromium-driver\4.16.1\selenium-chromium-driver-4.16.1.jar;C:\Users\chand\.m2\repository\org\seleniumhq\selenium\selenium-json\4.16.1\selenium-json-4.16.1.jar;C:\Users\chand\.m2\repository\org\seleniumhq\selenium\selenium-manager\4.16.1\selenium-manager-4.16.1.jar;C:\Users\chand\.m2\repository\org\seleniumhq\selenium\selenium-devtools-v118\4.16.1\selenium-devtools-v118-4.16.1.jar;C:\Users\chand\.m2\repository\org\seleniumhq\selenium\selenium-devtools-v119\4.16.1\selenium-devtools-v119-4.16.1.jar;C:\Users\chand\.m2\repository\org\seleniumhq\selenium\selenium-devtools-v120\4.16.1\selenium-devtools-v120-4.16.1.jar;C:\Users\chand\.m2\repository\org\seleniumhq\selenium\selenium-devtools-v85\4.16.1\selenium-devtools-v85-4.16.1.jar;C:\Users\chand\.m2\repository\org\seleniumhq\selenium\selenium-edge-driver\4.16.1\selenium-edge-driver-4.16.1.jar;C:\Users\chand\.m2\repository\org\seleniumhq\selenium\selenium-firefox-driver\4.16.1\selenium-firefox-driver-4.16.1.jar;C:\Users\chand\.m2\repository\org\seleniumhq\selenium\selenium-http\4.16.1\selenium-http-4.16.1.jar;C:\Users\chand\.m2\repository\dev\failsafe\failsafe\3.3.2\failsafe-3.3.2.jar;C:\Users\chand\.m2\repository\org\seleniumhq\selenium\selenium-ie-driver\4.16.1\selenium-ie-driver-4.16.1.jar;C:\Users\chand\.m2\repository\org\seleniumhq\selenium\selenium-remote-driver\4.16.1\selenium-remote-driver-4.16.1.jar;C:\Users\chand\.m2\repository\com\google\guava\guava\32.1.2-jre\guava-32.1.2-jre.jar;C:\Users\chand\.m2\repository\com\google\guava\failureaccess\1.0.1\failureaccess-1.0.1.jar;C:\Users\chand\.m2\repository\com\google\guava\listenablefuture\9999.0-empty-to-avoid-conflict-with-guava\listenablefuture-9999.0-empty-to-avoid-conflict-with-guava.jar;C:\Users\chand\.m2\repository\com\google\code\findbugs\jsr305\3.0.2\jsr305-3.0.2.jar;C:\Users\chand\.m2\repository\org\checkerframework\checker-qual\3.33.0\checker-qual-3.33.0.jar;C:\Users\chand\.m2\repository\com\google\errorprone\error_prone_annotations\2.18.0\error_prone_annotations-2.18.0.jar;C:\Users\chand\.m2\repository\com\google\j2objc\j2objc-annotations\2.8\j2objc-annotations-2.8.jar;C:\Users\chand\.m2\repository\io\opentelemetry\opentelemetry-api\1.28.0\opentelemetry-api-1.28.0.jar;C:\Users\chand\.m2\repository\io\opentelemetry\opentelemetry-context\1.28.0\opentelemetry-context-1.28.0.jar;C:\Users\chand\.m2\repository\io\opentelemetry\opentelemetry-exporter-logging\1.28.0\opentelemetry-exporter-logging-1.28.0.jar;C:\Users\chand\.m2\repository\io\opentelemetry\opentelemetry-sdk-metrics\1.28.0\opentelemetry-sdk-metrics-1.28.0.jar;C:\Users\chand\.m2\repository\io\opentelemetry\opentelemetry-extension-incubator\1.28.0-alpha\opentelemetry-extension-incubator-1.28.0-alpha.jar;C:\Users\chand\.m2\repository\io\opentelemetry\opentelemetry-sdk-logs\1.28.0\opentelemetry-sdk-logs-1.28.0.jar;C:\Users\chand\.m2\repository\io\opentelemetry\opentelemetry-sdk-common\1.28.0\opentelemetry-sdk-common-1.28.0.jar;C:\Users\chand\.m2\repository\io\opentelemetry\opentelemetry-sdk-extension-autoconfigure-spi\1.28.0\opentelemetry-sdk-extension-autoconfigure-spi-1.28.0.jar;C:\Users\chand\.m2\repository\io\opentelemetry\opentelemetry-sdk-extension-autoconfigure\1.28.0\opentelemetry-sdk-extension-autoconfigure-1.28.0.jar;C:\Users\chand\.m2\repository\io\opentelemetry\opentelemetry-api-events\1.28.0-alpha\opentelemetry-api-events-1.28.0-alpha.jar;C:\Users\chand\.m2\repository\io\opentelemetry\opentelemetry-sdk-trace\1.28.0\opentelemetry-sdk-trace-1.28.0.jar;C:\Users\chand\.m2\repository\io\opentelemetry\opentelemetry-sdk\1.28.0\opentelemetry-sdk-1.28.0.jar;C:\Users\chand\.m2\repository\io\opentelemetry\opentelemetry-semconv\1.28.0-alpha\opentelemetry-semconv-1.28.0-alpha.jar;C:\Users\chand\.m2\repository\net\bytebuddy\byte-buddy\1.14.5\byte-buddy-1.14.5.jar;C:\Users\chand\.m2\repository\org\seleniumhq\selenium\selenium-os\4.16.1\selenium-os-4.16.1.jar;C:\Users\chand\.m2\repository\org\apache\commons\commons-exec\1.3\commons-exec-1.3.jar;C:\Users\chand\.m2\repository\org\seleniumhq\selenium\selenium-safari-driver\4.16.1\selenium-safari-driver-4.16.1.jar;C:\Users\chand\.m2\repository\org\seleniumhq\selenium\selenium-support\4.16.1\selenium-support-4.16.1.jar;C:\Users\chand\.m2\repository\io\github\bonigarcia\webdrivermanager\5.2.1\webdrivermanager-5.2.1.jar;C:\Users\chand\.m2\repository\com\google\code\gson\gson\2.9.0\gson-2.9.0.jar;C:\Users\chand\.m2\repository\com\github\docker-java\docker-java\3.2.13\docker-java-3.2.13.jar;C:\Users\chand\.m2\repository\com\github\docker-java\docker-java-core\3.2.13\docker-java-core-3.2.13.jar;C:\Users\chand\.m2\repository\com\github\docker-java\docker-java-api\3.2.13\docker-java-api-3.2.13.jar;C:\Users\chand\.m2\repository\org\bouncycastle\bcpkix-jdk15on\1.64\bcpkix-jdk15on-1.64.jar;C:\Users\chand\.m2\repository\org\bouncycastle\bcprov-jdk15on\1.64\bcprov-jdk15on-1.64.jar;C:\Users\chand\.m2\repository\org\slf4j\jcl-over-slf4j\1.7.30\jcl-over-slf4j-1.7.30.jar;C:\Users\chand\.m2\repository\com\github\docker-java\docker-java-transport-httpclient5\3.2.13\docker-java-transport-httpclient5-3.2.13.jar;C:\Users\chand\.m2\repository\com\github\docker-java\docker-java-transport\3.2.13\docker-java-transport-3.2.13.jar;C:\Users\chand\.m2\repository\net\java\dev\jna\jna\5.8.0\jna-5.8.0.jar;C:\Users\chand\.m2\repository\org\brotli\dec\0.1.2\dec-0.1.2.jar;C:\Users\chand\.m2\repository\org\apache\commons\commons-lang3\3.12.0\commons-lang3-3.12.0.jar;C:\Users\chand\.m2\repository\org\apache\httpcomponents\client5\httpclient5\5.1.3\httpclient5-5.1.3.jar;C:\Users\chand\.m2\repository\org\apache\httpcomponents\core5\httpcore5\5.1.3\httpcore5-5.1.3.jar;C:\Users\chand\.m2\repository\org\apache\httpcomponents\core5\httpcore5-h2\5.1.3\httpcore5-h2-5.1.3.jar;C:\Users\chand\.m2\repository\org\testng\testng\7.10.2\testng-7.10.2.jar;C:\Users\chand\.m2\repository\com\beust\jcommander\1.82\jcommander-1.82.jar;C:\Users\chand\.m2\repository\org\webjars\jquery\3.7.1\jquery-3.7.1.jar;C:\Users\chand\.m2\repository\org\apache\directory\studio\org.apache.commons.io\2.4\org.apache.commons.io-2.4.jar;C:\Users\chand\.m2\repository\log4j\log4j\1.2.17\log4j-1.2.17.jar;C:\Users\chand\.m2\repository\com\github\javafaker\javafaker\1.0.2\javafaker-1.0.2.jar;C:\Users\chand\.m2\repository\org\yaml\snakeyaml\1.23\snakeyaml-1.23-android.jar;C:\Users\chand\.m2\repository\com\github\mifmif\generex\1.0.2\generex-1.0.2.jar;C:\Users\chand\.m2\repository\dk\brics\automaton\automaton\1.11-8\automaton-1.11-8.jar;C:\Users\chand\.m2\repository\net\masterthought\cucumber-reporting\5.7.6\cucumber-reporting-5.7.6.jar;C:\Users\chand\.m2\repository\com\fasterxml\jackson\core\jackson-databind\2.13.2.2\jackson-databind-2.13.2.2.jar;C:\Users\chand\.m2\repository\com\fasterxml\jackson\core\jackson-annotations\2.13.2\jackson-annotations-2.13.2.jar;C:\Users\chand\.m2\repository\com\fasterxml\jackson\core\jackson-core\2.13.2\jackson-core-2.13.2.jar;C:\Users\chand\.m2\repository\com\fasterxml\jackson\datatype\jackson-datatype-jsr310\2.13.2\jackson-datatype-jsr310-2.13.2.jar;C:\Users\chand\.m2\repository\org\apache\velocity\velocity-engine-core\2.3\velocity-engine-core-2.3.jar;C:\Users\chand\.m2\repository\joda-time\joda-time\2.12.2\joda-time-2.12.2.jar;C:\Users\chand\.m2\repository\org\codehaus\plexus\plexus-utils\3.5.1\plexus-utils-3.5.1.jar;C:\Users\chand\.m2\repository\org\jsoup\jsoup\1.16.1\jsoup-1.16.1.jar;C:\Users\chand\.m2\repository\com\googlecode\owasp-java-html-sanitizer\owasp-java-html-sanitizer\20220608.1\owasp-java-html-sanitizer-20220608.1.jar;C:\Users\chand\.m2\repository\commons-configuration\commons-configuration\1.10\commons-configuration-1.10.jar;C:\Users\chand\.m2\repository\commons-lang\commons-lang\2.6\commons-lang-2.6.jar;C:\Users\chand\.m2\repository\commons-logging\commons-logging\1.1.1\commons-logging-1.1.1.jar;C:\Users\chand\.m2\repository\org\apache\logging\log4j\log4j-api\2.14.1\log4j-api-2.14.1.jar;C:\Users\chand\.m2\repository\org\apache\logging\log4j\log4j-core\2.14.1\log4j-core-2.14.1.jar;C:\Users\chand\.m2\repository\org\apache\poi\poi\5.2.5\poi-5.2.5.jar;C:\Users\chand\.m2\repository\commons-codec\commons-codec\1.16.0\commons-codec-1.16.0.jar;C:\Users\chand\.m2\repository\org\apache\commons\commons-collections4\4.4\commons-collections4-4.4.jar;C:\Users\chand\.m2\repository\org\apache\commons\commons-math3\3.6.1\commons-math3-3.6.1.jar;C:\Users\chand\.m2\repository\com\zaxxer\SparseBitSet\1.3\SparseBitSet-1.3.jar;C:\Users\chand\.m2\repository\org\apache\poi\poi-ooxml\5.2.5\poi-ooxml-5.2.5.jar;C:\Users\chand\.m2\repository\org\apache\poi\poi-ooxml-lite\5.2.5\poi-ooxml-lite-5.2.5.jar;C:\Users\chand\.m2\repository\org\apache\xmlbeans\xmlbeans\5.2.0\xmlbeans-5.2.0.jar;C:\Users\chand\.m2\repository\org\apache\commons\commons-compress\1.25.0\commons-compress-1.25.0.jar;C:\Users\chand\.m2\repository\com\github\virtuald\curvesapi\1.08\curvesapi-1.08.jar;C:\Users\chand\.m2\repository\commons-io\commons-io\2.15.1\commons-io-2.15.1.jar;C:\Users\chand\.m2\repository\mysql\mysql-connector-java\8.0.28\mysql-connector-java-8.0.28.jar;C:\Users\chand\.m2\repository\com\google\protobuf\protobuf-java\3.11.4\protobuf-java-3.11.4.jar;"/>
    <property name="java.vm.vendor" value="Oracle Corporation"/>
    <property name="sun.arch.data.model" value="64"/>
    <property name="user.variant" value=""/>
    <property name="java.vendor.url" value="https://java.oracle.com/"/>
    <property name="user.timezone" value="Asia/Calcutta"/>
    <property name="os.name" value="Windows 11"/>
    <property name="java.vm.specification.version" value="21"/>
    <property name="sun.java.launcher" value="SUN_STANDARD"/>
    <property name="user.country" value="US"/>
    <property name="sun.boot.library.path" value="C:\Program Files\Java\jdk-21\bin"/>
    <property name="sun.java.command" value="C:\Users\chand\AppData\Local\Temp\surefire11932978765452650432\surefirebooter16290194915135761785.jar C:\Users\chand\AppData\Local\Temp\surefire11932978765452650432 2025-03-25T21-54-33_731-jvmRun1 surefire13505623488570510883tmp surefire_014111724314979188366tmp"/>
    <property name="jdk.debug" value="release"/>
    <property name="surefire.test.class.path" value="D:\Master_Copy\NaukariProfileUpdate\target\test-classes;D:\Master_Copy\NaukariProfileUpdate\target\classes;C:\Users\chand\.m2\repository\io\cucumber\cucumber-java\7.20.1\cucumber-java-7.20.1.jar;C:\Users\chand\.m2\repository\io\cucumber\cucumber-core\7.20.1\cucumber-core-7.20.1.jar;C:\Users\chand\.m2\repository\io\cucumber\cucumber-gherkin\7.20.1\cucumber-gherkin-7.20.1.jar;C:\Users\chand\.m2\repository\io\cucumber\cucumber-gherkin-messages\7.20.1\cucumber-gherkin-messages-7.20.1.jar;C:\Users\chand\.m2\repository\io\cucumber\gherkin\28.0.0\gherkin-28.0.0.jar;C:\Users\chand\.m2\repository\io\cucumber\messages\24.1.0\messages-24.1.0.jar;C:\Users\chand\.m2\repository\io\cucumber\testng-xml-formatter\0.2.0\testng-xml-formatter-0.2.0.jar;C:\Users\chand\.m2\repository\io\cucumber\query\12.2.0\query-12.2.0.jar;C:\Users\chand\.m2\repository\io\cucumber\tag-expressions\6.1.0\tag-expressions-6.1.0.jar;C:\Users\chand\.m2\repository\io\cucumber\cucumber-expressions\17.1.0\cucumber-expressions-17.1.0.jar;C:\Users\chand\.m2\repository\io\cucumber\datatable\7.20.1\datatable-7.20.1.jar;C:\Users\chand\.m2\repository\io\cucumber\docstring\7.20.1\docstring-7.20.1.jar;C:\Users\chand\.m2\repository\io\cucumber\html-formatter\21.7.0\html-formatter-21.7.0.jar;C:\Users\chand\.m2\repository\io\cucumber\junit-xml-formatter\0.5.0\junit-xml-formatter-0.5.0.jar;C:\Users\chand\.m2\repository\io\cucumber\ci-environment\10.0.1\ci-environment-10.0.1.jar;C:\Users\chand\.m2\repository\org\apiguardian\apiguardian-api\1.1.2\apiguardian-api-1.1.2.jar;C:\Users\chand\.m2\repository\io\cucumber\cucumber-testng\7.20.1\cucumber-testng-7.20.1.jar;C:\Users\chand\.m2\repository\tech\grasshopper\extentreports-cucumber5-adapter\1.5.1\extentreports-cucumber5-adapter-1.5.1.jar;C:\Users\chand\.m2\repository\com\aventstack\extentreports\4.1.7\extentreports-4.1.7.jar;C:\Users\chand\.m2\repository\org\freemarker\freemarker\2.3.29\freemarker-2.3.29.jar;C:\Users\chand\.m2\repository\org\apache\httpcomponents\httpclient\4.5.2\httpclient-4.5.2.jar;C:\Users\chand\.m2\repository\org\apache\httpcomponents\httpcore\4.4.4\httpcore-4.4.4.jar;C:\Users\chand\.m2\repository\org\apache\httpcomponents\httpmime\4.5.2\httpmime-4.5.2.jar;C:\Users\chand\.m2\repository\org\mongodb\bson\3.12.0\bson-3.12.0.jar;C:\Users\chand\.m2\repository\org\mongodb\mongodb-driver\3.3.0\mongodb-driver-3.3.0.jar;C:\Users\chand\.m2\repository\org\mongodb\mongodb-driver-core\3.3.0\mongodb-driver-core-3.3.0.jar;C:\Users\chand\.m2\repository\com\aventstack\chaintest-cucumber-jvm\1.0.11\chaintest-cucumber-jvm-1.0.11.jar;C:\Users\chand\.m2\repository\io\cucumber\cucumber-plugin\7.11.1\cucumber-plugin-7.11.1.jar;C:\Users\chand\.m2\repository\io\cucumber\cucumber-junit\7.11.1\cucumber-junit-7.11.1.jar;C:\Users\chand\.m2\repository\junit\junit\4.13.2\junit-4.13.2.jar;C:\Users\chand\.m2\repository\org\hamcrest\hamcrest-core\1.3\hamcrest-core-1.3.jar;C:\Users\chand\.m2\repository\com\aventstack\chaintest-core\1.0.11\chaintest-core-1.0.11.jar;C:\Users\chand\.m2\repository\org\yaml\snakeyaml\2.3\snakeyaml-2.3.jar;C:\Users\chand\.m2\repository\com\azure\azure-storage-blob\12.28.0\azure-storage-blob-12.28.0.jar;C:\Users\chand\.m2\repository\com\azure\azure-core\1.52.0\azure-core-1.52.0.jar;C:\Users\chand\.m2\repository\io\projectreactor\reactor-core\3.4.38\reactor-core-3.4.38.jar;C:\Users\chand\.m2\repository\com\azure\azure-core-http-netty\1.15.4\azure-core-http-netty-1.15.4.jar;C:\Users\chand\.m2\repository\io\netty\netty-handler\4.1.110.Final\netty-handler-4.1.110.Final.jar;C:\Users\chand\.m2\repository\io\netty\netty-handler-proxy\4.1.110.Final\netty-handler-proxy-4.1.110.Final.jar;C:\Users\chand\.m2\repository\io\netty\netty-codec-socks\4.1.110.Final\netty-codec-socks-4.1.110.Final.jar;C:\Users\chand\.m2\repository\io\netty\netty-buffer\4.1.110.Final\netty-buffer-4.1.110.Final.jar;C:\Users\chand\.m2\repository\io\netty\netty-codec\4.1.110.Final\netty-codec-4.1.110.Final.jar;C:\Users\chand\.m2\repository\io\netty\netty-codec-http\4.1.110.Final\netty-codec-http-4.1.110.Final.jar;C:\Users\chand\.m2\repository\io\netty\netty-codec-http2\4.1.110.Final\netty-codec-http2-4.1.110.Final.jar;C:\Users\chand\.m2\repository\io\netty\netty-transport-native-unix-common\4.1.110.Final\netty-transport-native-unix-common-4.1.110.Final.jar;C:\Users\chand\.m2\repository\io\netty\netty-transport-native-epoll\4.1.110.Final\netty-transport-native-epoll-4.1.110.Final-linux-x86_64.jar;C:\Users\chand\.m2\repository\io\netty\netty-transport-native-kqueue\4.1.110.Final\netty-transport-native-kqueue-4.1.110.Final-osx-x86_64.jar;C:\Users\chand\.m2\repository\io\netty\netty-transport-classes-kqueue\4.1.110.Final\netty-transport-classes-kqueue-4.1.110.Final.jar;C:\Users\chand\.m2\repository\io\netty\netty-tcnative-boringssl-static\2.0.65.Final\netty-tcnative-boringssl-static-2.0.65.Final.jar;C:\Users\chand\.m2\repository\io\netty\netty-tcnative-classes\2.0.65.Final\netty-tcnative-classes-2.0.65.Final.jar;C:\Users\chand\.m2\repository\io\netty\netty-tcnative-boringssl-static\2.0.65.Final\netty-tcnative-boringssl-static-2.0.65.Final-linux-x86_64.jar;C:\Users\chand\.m2\repository\io\netty\netty-tcnative-boringssl-static\2.0.65.Final\netty-tcnative-boringssl-static-2.0.65.Final-linux-aarch_64.jar;C:\Users\chand\.m2\repository\io\netty\netty-tcnative-boringssl-static\2.0.65.Final\netty-tcnative-boringssl-static-2.0.65.Final-osx-x86_64.jar;C:\Users\chand\.m2\repository\io\netty\netty-tcnative-boringssl-static\2.0.65.Final\netty-tcnative-boringssl-static-2.0.65.Final-osx-aarch_64.jar;C:\Users\chand\.m2\repository\io\netty\netty-tcnative-boringssl-static\2.0.65.Final\netty-tcnative-boringssl-static-2.0.65.Final-windows-x86_64.jar;C:\Users\chand\.m2\repository\io\projectreactor\netty\reactor-netty-http\1.0.45\reactor-netty-http-1.0.45.jar;C:\Users\chand\.m2\repository\io\netty\netty-resolver-dns\4.1.109.Final\netty-resolver-dns-4.1.109.Final.jar;C:\Users\chand\.m2\repository\io\netty\netty-codec-dns\4.1.109.Final\netty-codec-dns-4.1.109.Final.jar;C:\Users\chand\.m2\repository\io\netty\netty-resolver-dns-native-macos\4.1.109.Final\netty-resolver-dns-native-macos-4.1.109.Final-osx-x86_64.jar;C:\Users\chand\.m2\repository\io\netty\netty-resolver-dns-classes-macos\4.1.109.Final\netty-resolver-dns-classes-macos-4.1.109.Final.jar;C:\Users\chand\.m2\repository\io\projectreactor\netty\reactor-netty-core\1.0.45\reactor-netty-core-1.0.45.jar;C:\Users\chand\.m2\repository\io\netty\netty-common\4.1.110.Final\netty-common-4.1.110.Final.jar;C:\Users\chand\.m2\repository\com\azure\azure-storage-internal-avro\12.13.0\azure-storage-internal-avro-12.13.0.jar;C:\Users\chand\.m2\repository\com\azure\azure-xml\1.1.0\azure-xml-1.1.0.jar;C:\Users\chand\.m2\repository\com\azure\azure-storage-common\12.28.0\azure-storage-common-12.28.0.jar;C:\Users\chand\.m2\repository\com\azure\azure-identity\1.13.3\azure-identity-1.13.3.jar;C:\Users\chand\.m2\repository\com\azure\azure-json\1.3.0\azure-json-1.3.0.jar;C:\Users\chand\.m2\repository\com\microsoft\azure\msal4j\1.17.1\msal4j-1.17.1.jar;C:\Users\chand\.m2\repository\com\nimbusds\oauth2-oidc-sdk\11.18\oauth2-oidc-sdk-11.18.jar;C:\Users\chand\.m2\repository\com\github\stephenc\jcip\jcip-annotations\1.0-1\jcip-annotations-1.0-1.jar;C:\Users\chand\.m2\repository\com\nimbusds\content-type\2.3\content-type-2.3.jar;C:\Users\chand\.m2\repository\com\nimbusds\lang-tag\1.7\lang-tag-1.7.jar;C:\Users\chand\.m2\repository\com\nimbusds\nimbus-jose-jwt\9.40\nimbus-jose-jwt-9.40.jar;C:\Users\chand\.m2\repository\net\minidev\json-smart\2.5.0\json-smart-2.5.0.jar;C:\Users\chand\.m2\repository\net\minidev\accessors-smart\2.5.0\accessors-smart-2.5.0.jar;C:\Users\chand\.m2\repository\org\ow2\asm\asm\9.3\asm-9.3.jar;C:\Users\chand\.m2\repository\com\microsoft\azure\msal4j-persistence-extension\1.3.0\msal4j-persistence-extension-1.3.0.jar;C:\Users\chand\.m2\repository\net\java\dev\jna\jna-platform\5.6.0\jna-platform-5.6.0.jar;C:\Users\chand\.m2\repository\software\amazon\awssdk\s3\2.29.39\s3-2.29.39.jar;C:\Users\chand\.m2\repository\software\amazon\awssdk\aws-xml-protocol\2.29.39\aws-xml-protocol-2.29.39.jar;C:\Users\chand\.m2\repository\software\amazon\awssdk\aws-query-protocol\2.29.39\aws-query-protocol-2.29.39.jar;C:\Users\chand\.m2\repository\software\amazon\awssdk\protocol-core\2.29.39\protocol-core-2.29.39.jar;C:\Users\chand\.m2\repository\software\amazon\awssdk\arns\2.29.39\arns-2.29.39.jar;C:\Users\chand\.m2\repository\software\amazon\awssdk\profiles\2.29.39\profiles-2.29.39.jar;C:\Users\chand\.m2\repository\software\amazon\awssdk\crt-core\2.29.39\crt-core-2.29.39.jar;C:\Users\chand\.m2\repository\software\amazon\awssdk\http-auth\2.29.39\http-auth-2.29.39.jar;C:\Users\chand\.m2\repository\software\amazon\awssdk\identity-spi\2.29.39\identity-spi-2.29.39.jar;C:\Users\chand\.m2\repository\software\amazon\awssdk\http-auth-spi\2.29.39\http-auth-spi-2.29.39.jar;C:\Users\chand\.m2\repository\org\reactivestreams\reactive-streams\1.0.4\reactive-streams-1.0.4.jar;C:\Users\chand\.m2\repository\software\amazon\awssdk\http-auth-aws\2.29.39\http-auth-aws-2.29.39.jar;C:\Users\chand\.m2\repository\software\amazon\awssdk\checksums\2.29.39\checksums-2.29.39.jar;C:\Users\chand\.m2\repository\software\amazon\awssdk\checksums-spi\2.29.39\checksums-spi-2.29.39.jar;C:\Users\chand\.m2\repository\software\amazon\awssdk\retries-spi\2.29.39\retries-spi-2.29.39.jar;C:\Users\chand\.m2\repository\software\amazon\awssdk\sdk-core\2.29.39\sdk-core-2.29.39.jar;C:\Users\chand\.m2\repository\software\amazon\awssdk\retries\2.29.39\retries-2.29.39.jar;C:\Users\chand\.m2\repository\software\amazon\awssdk\auth\2.29.39\auth-2.29.39.jar;C:\Users\chand\.m2\repository\software\amazon\awssdk\http-auth-aws-eventstream\2.29.39\http-auth-aws-eventstream-2.29.39.jar;C:\Users\chand\.m2\repository\software\amazon\eventstream\eventstream\1.0.1\eventstream-1.0.1.jar;C:\Users\chand\.m2\repository\software\amazon\awssdk\http-client-spi\2.29.39\http-client-spi-2.29.39.jar;C:\Users\chand\.m2\repository\software\amazon\awssdk\regions\2.29.39\regions-2.29.39.jar;C:\Users\chand\.m2\repository\software\amazon\awssdk\annotations\2.29.39\annotations-2.29.39.jar;C:\Users\chand\.m2\repository\software\amazon\awssdk\utils\2.29.39\utils-2.29.39.jar;C:\Users\chand\.m2\repository\software\amazon\awssdk\aws-core\2.29.39\aws-core-2.29.39.jar;C:\Users\chand\.m2\repository\software\amazon\awssdk\metrics-spi\2.29.39\metrics-spi-2.29.39.jar;C:\Users\chand\.m2\repository\software\amazon\awssdk\json-utils\2.29.39\json-utils-2.29.39.jar;C:\Users\chand\.m2\repository\software\amazon\awssdk\third-party-jackson-core\2.29.39\third-party-jackson-core-2.29.39.jar;C:\Users\chand\.m2\repository\software\amazon\awssdk\endpoints-spi\2.29.39\endpoints-spi-2.29.39.jar;C:\Users\chand\.m2\repository\software\amazon\awssdk\netty-nio-client\2.29.39\netty-nio-client-2.29.39.jar;C:\Users\chand\.m2\repository\io\netty\netty-transport\4.1.115.Final\netty-transport-4.1.115.Final.jar;C:\Users\chand\.m2\repository\io\netty\netty-transport-classes-epoll\4.1.115.Final\netty-transport-classes-epoll-4.1.115.Final.jar;C:\Users\chand\.m2\repository\io\netty\netty-resolver\4.1.115.Final\netty-resolver-4.1.115.Final.jar;C:\Users\chand\.m2\repository\software\amazon\awssdk\apache-client\2.29.39\apache-client-2.29.39.jar;C:\Users\chand\.m2\repository\org\slf4j\slf4j-api\2.0.16\slf4j-api-2.0.16.jar;C:\Users\chand\.m2\repository\ch\qos\logback\logback-classic\1.5.9\logback-classic-1.5.9.jar;C:\Users\chand\.m2\repository\ch\qos\logback\logback-core\1.5.9\logback-core-1.5.9.jar;C:\Users\chand\.m2\repository\org\seleniumhq\selenium\selenium-java\4.16.1\selenium-java-4.16.1.jar;C:\Users\chand\.m2\repository\org\seleniumhq\selenium\selenium-api\4.16.1\selenium-api-4.16.1.jar;C:\Users\chand\.m2\repository\org\seleniumhq\selenium\selenium-chrome-driver\4.16.1\selenium-chrome-driver-4.16.1.jar;C:\Users\chand\.m2\repository\com\google\auto\service\auto-service-annotations\1.1.1\auto-service-annotations-1.1.1.jar;C:\Users\chand\.m2\repository\org\seleniumhq\selenium\selenium-chromium-driver\4.16.1\selenium-chromium-driver-4.16.1.jar;C:\Users\chand\.m2\repository\org\seleniumhq\selenium\selenium-json\4.16.1\selenium-json-4.16.1.jar;C:\Users\chand\.m2\repository\org\seleniumhq\selenium\selenium-manager\4.16.1\selenium-manager-4.16.1.jar;C:\Users\chand\.m2\repository\org\seleniumhq\selenium\selenium-devtools-v118\4.16.1\selenium-devtools-v118-4.16.1.jar;C:\Users\chand\.m2\repository\org\seleniumhq\selenium\selenium-devtools-v119\4.16.1\selenium-devtools-v119-4.16.1.jar;C:\Users\chand\.m2\repository\org\seleniumhq\selenium\selenium-devtools-v120\4.16.1\selenium-devtools-v120-4.16.1.jar;C:\Users\chand\.m2\repository\org\seleniumhq\selenium\selenium-devtools-v85\4.16.1\selenium-devtools-v85-4.16.1.jar;C:\Users\chand\.m2\repository\org\seleniumhq\selenium\selenium-edge-driver\4.16.1\selenium-edge-driver-4.16.1.jar;C:\Users\chand\.m2\repository\org\seleniumhq\selenium\selenium-firefox-driver\4.16.1\selenium-firefox-driver-4.16.1.jar;C:\Users\chand\.m2\repository\org\seleniumhq\selenium\selenium-http\4.16.1\selenium-http-4.16.1.jar;C:\Users\chand\.m2\repository\dev\failsafe\failsafe\3.3.2\failsafe-3.3.2.jar;C:\Users\chand\.m2\repository\org\seleniumhq\selenium\selenium-ie-driver\4.16.1\selenium-ie-driver-4.16.1.jar;C:\Users\chand\.m2\repository\org\seleniumhq\selenium\selenium-remote-driver\4.16.1\selenium-remote-driver-4.16.1.jar;C:\Users\chand\.m2\repository\com\google\guava\guava\32.1.2-jre\guava-32.1.2-jre.jar;C:\Users\chand\.m2\repository\com\google\guava\failureaccess\1.0.1\failureaccess-1.0.1.jar;C:\Users\chand\.m2\repository\com\google\guava\listenablefuture\9999.0-empty-to-avoid-conflict-with-guava\listenablefuture-9999.0-empty-to-avoid-conflict-with-guava.jar;C:\Users\chand\.m2\repository\com\google\code\findbugs\jsr305\3.0.2\jsr305-3.0.2.jar;C:\Users\chand\.m2\repository\org\checkerframework\checker-qual\3.33.0\checker-qual-3.33.0.jar;C:\Users\chand\.m2\repository\com\google\errorprone\error_prone_annotations\2.18.0\error_prone_annotations-2.18.0.jar;C:\Users\chand\.m2\repository\com\google\j2objc\j2objc-annotations\2.8\j2objc-annotations-2.8.jar;C:\Users\chand\.m2\repository\io\opentelemetry\opentelemetry-api\1.28.0\opentelemetry-api-1.28.0.jar;C:\Users\chand\.m2\repository\io\opentelemetry\opentelemetry-context\1.28.0\opentelemetry-context-1.28.0.jar;C:\Users\chand\.m2\repository\io\opentelemetry\opentelemetry-exporter-logging\1.28.0\opentelemetry-exporter-logging-1.28.0.jar;C:\Users\chand\.m2\repository\io\opentelemetry\opentelemetry-sdk-metrics\1.28.0\opentelemetry-sdk-metrics-1.28.0.jar;C:\Users\chand\.m2\repository\io\opentelemetry\opentelemetry-extension-incubator\1.28.0-alpha\opentelemetry-extension-incubator-1.28.0-alpha.jar;C:\Users\chand\.m2\repository\io\opentelemetry\opentelemetry-sdk-logs\1.28.0\opentelemetry-sdk-logs-1.28.0.jar;C:\Users\chand\.m2\repository\io\opentelemetry\opentelemetry-sdk-common\1.28.0\opentelemetry-sdk-common-1.28.0.jar;C:\Users\chand\.m2\repository\io\opentelemetry\opentelemetry-sdk-extension-autoconfigure-spi\1.28.0\opentelemetry-sdk-extension-autoconfigure-spi-1.28.0.jar;C:\Users\chand\.m2\repository\io\opentelemetry\opentelemetry-sdk-extension-autoconfigure\1.28.0\opentelemetry-sdk-extension-autoconfigure-1.28.0.jar;C:\Users\chand\.m2\repository\io\opentelemetry\opentelemetry-api-events\1.28.0-alpha\opentelemetry-api-events-1.28.0-alpha.jar;C:\Users\chand\.m2\repository\io\opentelemetry\opentelemetry-sdk-trace\1.28.0\opentelemetry-sdk-trace-1.28.0.jar;C:\Users\chand\.m2\repository\io\opentelemetry\opentelemetry-sdk\1.28.0\opentelemetry-sdk-1.28.0.jar;C:\Users\chand\.m2\repository\io\opentelemetry\opentelemetry-semconv\1.28.0-alpha\opentelemetry-semconv-1.28.0-alpha.jar;C:\Users\chand\.m2\repository\net\bytebuddy\byte-buddy\1.14.5\byte-buddy-1.14.5.jar;C:\Users\chand\.m2\repository\org\seleniumhq\selenium\selenium-os\4.16.1\selenium-os-4.16.1.jar;C:\Users\chand\.m2\repository\org\apache\commons\commons-exec\1.3\commons-exec-1.3.jar;C:\Users\chand\.m2\repository\org\seleniumhq\selenium\selenium-safari-driver\4.16.1\selenium-safari-driver-4.16.1.jar;C:\Users\chand\.m2\repository\org\seleniumhq\selenium\selenium-support\4.16.1\selenium-support-4.16.1.jar;C:\Users\chand\.m2\repository\io\github\bonigarcia\webdrivermanager\5.2.1\webdrivermanager-5.2.1.jar;C:\Users\chand\.m2\repository\com\google\code\gson\gson\2.9.0\gson-2.9.0.jar;C:\Users\chand\.m2\repository\com\github\docker-java\docker-java\3.2.13\docker-java-3.2.13.jar;C:\Users\chand\.m2\repository\com\github\docker-java\docker-java-core\3.2.13\docker-java-core-3.2.13.jar;C:\Users\chand\.m2\repository\com\github\docker-java\docker-java-api\3.2.13\docker-java-api-3.2.13.jar;C:\Users\chand\.m2\repository\org\bouncycastle\bcpkix-jdk15on\1.64\bcpkix-jdk15on-1.64.jar;C:\Users\chand\.m2\repository\org\bouncycastle\bcprov-jdk15on\1.64\bcprov-jdk15on-1.64.jar;C:\Users\chand\.m2\repository\org\slf4j\jcl-over-slf4j\1.7.30\jcl-over-slf4j-1.7.30.jar;C:\Users\chand\.m2\repository\com\github\docker-java\docker-java-transport-httpclient5\3.2.13\docker-java-transport-httpclient5-3.2.13.jar;C:\Users\chand\.m2\repository\com\github\docker-java\docker-java-transport\3.2.13\docker-java-transport-3.2.13.jar;C:\Users\chand\.m2\repository\net\java\dev\jna\jna\5.8.0\jna-5.8.0.jar;C:\Users\chand\.m2\repository\org\brotli\dec\0.1.2\dec-0.1.2.jar;C:\Users\chand\.m2\repository\org\apache\commons\commons-lang3\3.12.0\commons-lang3-3.12.0.jar;C:\Users\chand\.m2\repository\org\apache\httpcomponents\client5\httpclient5\5.1.3\httpclient5-5.1.3.jar;C:\Users\chand\.m2\repository\org\apache\httpcomponents\core5\httpcore5\5.1.3\httpcore5-5.1.3.jar;C:\Users\chand\.m2\repository\org\apache\httpcomponents\core5\httpcore5-h2\5.1.3\httpcore5-h2-5.1.3.jar;C:\Users\chand\.m2\repository\org\testng\testng\7.10.2\testng-7.10.2.jar;C:\Users\chand\.m2\repository\com\beust\jcommander\1.82\jcommander-1.82.jar;C:\Users\chand\.m2\repository\org\webjars\jquery\3.7.1\jquery-3.7.1.jar;C:\Users\chand\.m2\repository\org\apache\directory\studio\org.apache.commons.io\2.4\org.apache.commons.io-2.4.jar;C:\Users\chand\.m2\repository\log4j\log4j\1.2.17\log4j-1.2.17.jar;C:\Users\chand\.m2\repository\com\github\javafaker\javafaker\1.0.2\javafaker-1.0.2.jar;C:\Users\chand\.m2\repository\org\yaml\snakeyaml\1.23\snakeyaml-1.23-android.jar;C:\Users\chand\.m2\repository\com\github\mifmif\generex\1.0.2\generex-1.0.2.jar;C:\Users\chand\.m2\repository\dk\brics\automaton\automaton\1.11-8\automaton-1.11-8.jar;C:\Users\chand\.m2\repository\net\masterthought\cucumber-reporting\5.7.6\cucumber-reporting-5.7.6.jar;C:\Users\chand\.m2\repository\com\fasterxml\jackson\core\jackson-databind\2.13.2.2\jackson-databind-2.13.2.2.jar;C:\Users\chand\.m2\repository\com\fasterxml\jackson\core\jackson-annotations\2.13.2\jackson-annotations-2.13.2.jar;C:\Users\chand\.m2\repository\com\fasterxml\jackson\core\jackson-core\2.13.2\jackson-core-2.13.2.jar;C:\Users\chand\.m2\repository\com\fasterxml\jackson\datatype\jackson-datatype-jsr310\2.13.2\jackson-datatype-jsr310-2.13.2.jar;C:\Users\chand\.m2\repository\org\apache\velocity\velocity-engine-core\2.3\velocity-engine-core-2.3.jar;C:\Users\chand\.m2\repository\joda-time\joda-time\2.12.2\joda-time-2.12.2.jar;C:\Users\chand\.m2\repository\org\codehaus\plexus\plexus-utils\3.5.1\plexus-utils-3.5.1.jar;C:\Users\chand\.m2\repository\org\jsoup\jsoup\1.16.1\jsoup-1.16.1.jar;C:\Users\chand\.m2\repository\com\googlecode\owasp-java-html-sanitizer\owasp-java-html-sanitizer\20220608.1\owasp-java-html-sanitizer-20220608.1.jar;C:\Users\chand\.m2\repository\commons-configuration\commons-configuration\1.10\commons-configuration-1.10.jar;C:\Users\chand\.m2\repository\commons-lang\commons-lang\2.6\commons-lang-2.6.jar;C:\Users\chand\.m2\repository\commons-logging\commons-logging\1.1.1\commons-logging-1.1.1.jar;C:\Users\chand\.m2\repository\org\apache\logging\log4j\log4j-api\2.14.1\log4j-api-2.14.1.jar;C:\Users\chand\.m2\repository\org\apache\logging\log4j\log4j-core\2.14.1\log4j-core-2.14.1.jar;C:\Users\chand\.m2\repository\org\apache\poi\poi\5.2.5\poi-5.2.5.jar;C:\Users\chand\.m2\repository\commons-codec\commons-codec\1.16.0\commons-codec-1.16.0.jar;C:\Users\chand\.m2\repository\org\apache\commons\commons-collections4\4.4\commons-collections4-4.4.jar;C:\Users\chand\.m2\repository\org\apache\commons\commons-math3\3.6.1\commons-math3-3.6.1.jar;C:\Users\chand\.m2\repository\com\zaxxer\SparseBitSet\1.3\SparseBitSet-1.3.jar;C:\Users\chand\.m2\repository\org\apache\poi\poi-ooxml\5.2.5\poi-ooxml-5.2.5.jar;C:\Users\chand\.m2\repository\org\apache\poi\poi-ooxml-lite\5.2.5\poi-ooxml-lite-5.2.5.jar;C:\Users\chand\.m2\repository\org\apache\xmlbeans\xmlbeans\5.2.0\xmlbeans-5.2.0.jar;C:\Users\chand\.m2\repository\org\apache\commons\commons-compress\1.25.0\commons-compress-1.25.0.jar;C:\Users\chand\.m2\repository\com\github\virtuald\curvesapi\1.08\curvesapi-1.08.jar;C:\Users\chand\.m2\repository\commons-io\commons-io\2.15.1\commons-io-2.15.1.jar;C:\Users\chand\.m2\repository\mysql\mysql-connector-java\8.0.28\mysql-connector-java-8.0.28.jar;C:\Users\chand\.m2\repository\com\google\protobuf\protobuf-java\3.11.4\protobuf-java-3.11.4.jar;"/>
    <property name="sun.cpu.endian" value="little"/>
    <property name="user.home" value="C:\Users\chand"/>
    <property name="user.language" value="en"/>
    <property name="java.specification.vendor" value="Oracle Corporation"/>
    <property name="java.version.date" value="2025-01-21"/>
    <property name="java.home" value="C:\Program Files\Java\jdk-21"/>
    <property name="file.separator" value="\"/>
    <property name="basedir" value="D:\Master_Copy\NaukariProfileUpdate"/>
    <property name="java.vm.compressedOopsMode" value="32-bit"/>
    <property name="line.separator" value="&#10;"/>
    <property name="java.vm.specification.vendor" value="Oracle Corporation"/>
    <property name="java.specification.name" value="Java Platform API Specification"/>
    <property name="surefire.real.class.path" value="C:\Users\chand\AppData\Local\Temp\surefire11932978765452650432\surefirebooter16290194915135761785.jar"/>
    <property name="user.script" value=""/>
    <property name="sun.management.compiler" value="HotSpot 64-Bit Tiered Compilers"/>
    <property name="java.runtime.version" value="21.0.6+8-LTS-188"/>
    <property name="user.name" value="chand"/>
    <property name="stdout.encoding" value="Cp1252"/>
    <property name="path.separator" value=";"/>
    <property name="os.version" value="10.0"/>
    <property name="java.runtime.name" value="Java(TM) SE Runtime Environment"/>
    <property name="file.encoding" value="UTF-8"/>
    <property name="java.vm.name" value="Java HotSpot(TM) 64-Bit Server VM"/>
    <property name="localRepository" value="C:\Users\chand\.m2\repository"/>
    <property name="java.vendor.url.bug" value="https://bugreport.java.com/bugreport/"/>
    <property name="java.io.tmpdir" value="C:\Users\chand\AppData\Local\Temp\"/>
    <property name="java.version" value="21.0.6"/>
    <property name="user.dir" value="D:\Master_Copy\NaukariProfileUpdate"/>
    <property name="os.arch" value="amd64"/>
    <property name="java.vm.specification.name" value="Java Virtual Machine Specification"/>
    <property name="sun.os.patch.level" value=""/>
    <property name="native.encoding" value="Cp1252"/>
    <property name="java.library.path" value="C:\Program Files\Java\jdk-21\bin;C:\WINDOWS\Sun\Java\bin;C:\WINDOWS\system32;C:\WINDOWS;C:\Program Files\Common Files\Oracle\Java\javapath;C:\Windows\system32;C:\Windows;C:\Windows\System32\Wbem;C:\Windows\System32\WindowsPowerShell\v1.0\;C:\Windows\System32\OpenSSH\;C:\Program Files\Git\cmd;C:\Program Files\Notepad++;C:\Program Files\Microsoft SQL Server\130\Tools\Binn\;C:\WINDOWS\system32;C:\WINDOWS;C:\WINDOWS\System32\Wbem;C:\WINDOWS\System32\WindowsPowerShell\v1.0\;C:\WINDOWS\System32\OpenSSH\;C:\Program Files\Maven\apache-maven-3.9.4-bin\apache-maven-3.9.4\bin;C:\Users\chand\Downloads\allure-2.27.0 (1)\allure-2.27.0\bin;C:\Program Files\Java\jdk-21;C:\Users\chand\AppData\Local\Microsoft\WindowsApps;C:\Program Files\JetBrains\PyCharm Community Edition 2023.2.1\bin;;;."/>
    <property name="java.vm.info" value="mixed mode, sharing"/>
    <property name="stderr.encoding" value="Cp1252"/>
    <property name="java.vendor" value="Oracle Corporation"/>
    <property name="java.vm.version" value="21.0.6+8-LTS-188"/>
    <property name="sun.io.unicode.encoding" value="UnicodeLittle"/>
    <property name="java.class.version" value="65.0"/>
  </properties>
  <testcase name="runScenario[&quot;Successfully update Naukri profile with a new resume and key skills&quot;, &quot;Update Naukri Profile&quot;](1)" classname="runner.TestRunner" time="23.883">
    <system-out><![CDATA[21:54:35.663 [main] DEBUG c.a.c.service.ChainPluginService - Found configuration entry chaintest.generator.email.enabled, will use chaintest.generator.email.class-name to resolve class
21:54:35.673 [main] DEBUG c.a.c.service.ChainPluginService - Generator chaintest.generator.chainlp.enabled was not enabled. To enable, set property chaintest.generator.chainlp.enabled=true in your configuration
21:54:35.673 [main] DEBUG c.a.c.service.ChainPluginService - Found configuration entry chaintest.generator.simple.enabled, will use chaintest.generator.simple.class-name to resolve class
21:54:35.678 [main] DEBUG c.a.c.generator.FileGenerator - Loading template index.ftl for class class com.aventstack.chaintest.generator.ChainTestEmailGenerator with basePackagePath email/
2025-03-25 21:54:35 DEBUG cache:44 - Couldn't find template in cache for "index.ftl"("en_US", UTF-8, parsed); will try to load it.
2025-03-25 21:54:35 DEBUG cache:44 - TemplateLoader.findTemplateSource("index_en_US.ftl"): Not found
2025-03-25 21:54:35 DEBUG cache:44 - TemplateLoader.findTemplateSource("index_en.ftl"): Not found
2025-03-25 21:54:35 DEBUG cache:44 - TemplateLoader.findTemplateSource("index.ftl"): Found
2025-03-25 21:54:35 DEBUG cache:44 - Loading template for "index.ftl"("en_US", UTF-8, parsed) from "jar:file:/C:/Users/chand/.m2/repository/com/aventstack/chaintest-core/1.0.11/chaintest-core-1.0.11.jar!/com/aventstack/chaintest/generator/email/index.ftl"
21:54:35.953 [main] DEBUG c.a.c.generator.FileGenerator - Loading template index.ftl for class class com.aventstack.chaintest.generator.ChainTestSimpleGenerator with basePackagePath simple
2025-03-25 21:54:35 DEBUG cache:44 - Couldn't find template in cache for "index.ftl"("en_US", UTF-8, parsed); will try to load it.
2025-03-25 21:54:35 DEBUG cache:44 - TemplateLoader.findTemplateSource("index_en_US.ftl"): Not found
2025-03-25 21:54:35 DEBUG cache:44 - TemplateLoader.findTemplateSource("index_en.ftl"): Not found
2025-03-25 21:54:35 DEBUG cache:44 - TemplateLoader.findTemplateSource("index.ftl"): Found
2025-03-25 21:54:35 DEBUG cache:44 - Loading template for "index.ftl"("en_US", UTF-8, parsed) from "jar:file:/C:/Users/chand/.m2/repository/com/aventstack/chaintest-core/1.0.11/chaintest-core-1.0.11.jar!/com/aventstack/chaintest/generator/simple/index.ftl"

Scenario: Successfully update Naukri profile with a new resume and key skills   # src/test/java/features/NaukariProfileUpdate.feature:3
  Given The user is on the Naukri login page                                    # stepDefinition.Steps.The_user_is_on_the_Naukri_login_page()

    Embedding Successfully update Naukri profile with a new resume and key skills [image/png 98449 bytes]

2025-03-25 21:54:42 INFO  GenericMethods:733 - *************  user landed on login page  *************
2025-03-25 21:54:43 INFO  GenericMethods:733 - *************  user entered user name   *************
2025-03-25 21:54:43 INFO  GenericMethods:733 - *************  user entered passWord   *************
2025-03-25 21:54:43 INFO  GenericMethods:733 - *************  user clicked on the login button  *************
  When The user logs in with valid credentials                                  # stepDefinition.Steps.The_user_logs_in_with_valid_credentials()

    Embedding Successfully update Naukri profile with a new resume and key skills [image/png 83689 bytes]

2025-03-25 21:54:46 INFO  GenericMethods:733 - *************  user clicked on the view profile button   *************
  Then The user should be redirected to the homepage                            # stepDefinition.Steps.The_user_should_be_redirected_to_the_homepage()

    Embedding Successfully update Naukri profile with a new resume and key skills [image/png 7274 bytes]

2025-03-25 21:54:47 INFO  GenericMethods:733 - *************  skill is displayed, removing it...  *************
2025-03-25 21:54:48 INFO  GenericMethods:733 - *************  Skill removed successfully  *************
Given Key Skills have been successfully saved.and Key Skills have been successfully saved.both are same
2025-03-25 21:54:49 INFO  GenericMethods:733 - *************  Skill added successfully  *************
  When The user updates the key skills                                          # stepDefinition.Steps.The_user_updates_the_key_skills()

    Embedding Successfully update Naukri profile with a new resume and key skills [image/png 114441 bytes]

Given Key Skills have been successfully saved.and Key Skills have been successfully saved.both are same
  Then The user should see a confirmation that the key skills have been updated # stepDefinition.Steps.The_user_should_see_a_confirmation_that_the_key_skills_have_been_updated()

    Embedding Successfully update Naukri profile with a new resume and key skills [image/png 129265 bytes]

  And The user logs out successfully                                            # stepDefinition.Steps.The_user_logs_out_successfully()

    Embedding Successfully update Naukri profile with a new resume and key skills [image/png 133358 bytes]

]]></system-out>
    <system-err><![CDATA[Mar 25, 2025 9:54:39 PM org.openqa.selenium.devtools.CdpVersionFinder findNearestMatch
WARNING: Unable to find CDP implementation matching 134
Mar 25, 2025 9:54:39 PM org.openqa.selenium.chromium.ChromiumDriver lambda$new$5
WARNING: Unable to find version of CDP to use for 134.0.6998.165. You may need to include a dependency on a specific version of the CDP using something similar to `org.seleniumhq.selenium:selenium-devtools-v86:4.16.1` where the version ("v86") matches the version of the chromium-based browser you're using and the version number of the artifact is the same as Selenium's.
]]></system-err>
  </testcase>
</testsuite>