<?xml version="1.0" encoding="UTF-8"?>
<!-- Generated by org.testng.reporters.JUnitReportReporter -->
<testsuite hostname="CHANDRASHEKHAR" failures="0" tests="1" name="runner.TestRunner" time="23.852" errors="0" timestamp="2025-03-25T21:55:01 IST" skipped="0">
  <testcase classname="runner.TestRunner" name="runScenario" time="23.852"/>
</testsuite> <!-- runner.TestRunner -->
